{"total": {"lines":{"total":1562,"covered":398,"skipped":0,"pct":25.48},"statements":{"total":1630,"covered":419,"skipped":0,"pct":25.7},"functions":{"total":351,"covered":92,"skipped":0,"pct":26.21},"branches":{"total":280,"covered":51,"skipped":0,"pct":18.21},"branchesTrue":{"total":0,"covered":0,"skipped":0,"pct":100}}
,"/Users/subbujois/Documents/GitHub/Aurigraph-DLT/aurigraph-av10-7/src/ai/AIOptimizer.ts": {"lines":{"total":67,"covered":60,"skipped":0,"pct":89.55},"functions":{"total":16,"covered":15,"skipped":0,"pct":93.75},"statements":{"total":69,"covered":62,"skipped":0,"pct":89.85},"branches":{"total":11,"covered":6,"skipped":0,"pct":54.54}}
,"/Users/subbujois/Documents/GitHub/Aurigraph-DLT/aurigraph-av10-7/src/api/MonitoringAPIServer.ts": {"lines":{"total":60,"covered":0,"skipped":0,"pct":0},"functions":{"total":20,"covered":0,"skipped":0,"pct":0},"statements":{"total":60,"covered":0,"skipped":0,"pct":0},"branches":{"total":6,"covered":0,"skipped":0,"pct":0}}
,"/Users/subbujois/Documents/GitHub/Aurigraph-DLT/aurigraph-av10-7/src/api/VizorAPIEndpoints.ts": {"lines":{"total":151,"covered":0,"skipped":0,"pct":0},"functions":{"total":23,"covered":0,"skipped":0,"pct":0},"statements":{"total":154,"covered":0,"skipped":0,"pct":0},"branches":{"total":30,"covered":0,"skipped":0,"pct":0}}
,"/Users/subbujois/Documents/GitHub/Aurigraph-DLT/aurigraph-av10-7/src/consensus/HyperRAFTPlusPlus.ts": {"lines":{"total":230,"covered":150,"skipped":0,"pct":65.21},"functions":{"total":59,"covered":33,"skipped":0,"pct":55.93},"statements":{"total":247,"covered":159,"skipped":0,"pct":64.37},"branches":{"total":37,"covered":14,"skipped":0,"pct":37.83}}
,"/Users/subbujois/Documents/GitHub/Aurigraph-DLT/aurigraph-av10-7/src/consensus/ValidatorNode.ts": {"lines":{"total":110,"covered":0,"skipped":0,"pct":0},"functions":{"total":17,"covered":0,"skipped":0,"pct":0},"statements":{"total":111,"covered":0,"skipped":0,"pct":0},"branches":{"total":26,"covered":0,"skipped":0,"pct":0}}
,"/Users/subbujois/Documents/GitHub/Aurigraph-DLT/aurigraph-av10-7/src/consensus/ValidatorOrchestrator.ts": {"lines":{"total":114,"covered":0,"skipped":0,"pct":0},"functions":{"total":19,"covered":0,"skipped":0,"pct":0},"statements":{"total":117,"covered":0,"skipped":0,"pct":0},"branches":{"total":17,"covered":0,"skipped":0,"pct":0}}
,"/Users/subbujois/Documents/GitHub/Aurigraph-DLT/aurigraph-av10-7/src/core/AV10Node.ts": {"lines":{"total":121,"covered":0,"skipped":0,"pct":0},"functions":{"total":29,"covered":0,"skipped":0,"pct":0},"statements":{"total":124,"covered":0,"skipped":0,"pct":0},"branches":{"total":8,"covered":0,"skipped":0,"pct":0}}
,"/Users/subbujois/Documents/GitHub/Aurigraph-DLT/aurigraph-av10-7/src/core/ConfigManager.ts": {"lines":{"total":45,"covered":0,"skipped":0,"pct":0},"functions":{"total":13,"covered":0,"skipped":0,"pct":0},"statements":{"total":47,"covered":0,"skipped":0,"pct":0},"branches":{"total":12,"covered":0,"skipped":0,"pct":0}}
,"/Users/subbujois/Documents/GitHub/Aurigraph-DLT/aurigraph-av10-7/src/core/Logger.ts": {"lines":{"total":29,"covered":27,"skipped":0,"pct":93.1},"functions":{"total":7,"covered":7,"skipped":0,"pct":100},"statements":{"total":31,"covered":29,"skipped":0,"pct":93.54},"branches":{"total":14,"covered":11,"skipped":0,"pct":78.57}}
,"/Users/subbujois/Documents/GitHub/Aurigraph-DLT/aurigraph-av10-7/src/crosschain/CrossChainBridge.ts": {"lines":{"total":169,"covered":82,"skipped":0,"pct":48.52},"functions":{"total":34,"covered":16,"skipped":0,"pct":47.05},"statements":{"total":178,"covered":86,"skipped":0,"pct":48.31},"branches":{"total":39,"covered":13,"skipped":0,"pct":33.33}}
,"/Users/subbujois/Documents/GitHub/Aurigraph-DLT/aurigraph-av10-7/src/crypto/QuantumCryptoManager.ts": {"lines":{"total":121,"covered":70,"skipped":0,"pct":57.85},"functions":{"total":28,"covered":20,"skipped":0,"pct":71.42},"statements":{"total":127,"covered":72,"skipped":0,"pct":56.69},"branches":{"total":11,"covered":7,"skipped":0,"pct":63.63}}
,"/Users/subbujois/Documents/GitHub/Aurigraph-DLT/aurigraph-av10-7/src/monitoring/MonitoringService.ts": {"lines":{"total":29,"covered":0,"skipped":0,"pct":0},"functions":{"total":11,"covered":0,"skipped":0,"pct":0},"statements":{"total":31,"covered":0,"skipped":0,"pct":0},"branches":{"total":4,"covered":0,"skipped":0,"pct":0}}
,"/Users/subbujois/Documents/GitHub/Aurigraph-DLT/aurigraph-av10-7/src/monitoring/VizorDashboard.ts": {"lines":{"total":70,"covered":0,"skipped":0,"pct":0},"functions":{"total":20,"covered":0,"skipped":0,"pct":0},"statements":{"total":76,"covered":0,"skipped":0,"pct":0},"branches":{"total":14,"covered":0,"skipped":0,"pct":0}}
,"/Users/subbujois/Documents/GitHub/Aurigraph-DLT/aurigraph-av10-7/src/network/ChannelManager.ts": {"lines":{"total":100,"covered":0,"skipped":0,"pct":0},"functions":{"total":14,"covered":0,"skipped":0,"pct":0},"statements":{"total":101,"covered":0,"skipped":0,"pct":0},"branches":{"total":18,"covered":0,"skipped":0,"pct":0}}
,"/Users/subbujois/Documents/GitHub/Aurigraph-DLT/aurigraph-av10-7/src/network/NetworkOrchestrator.ts": {"lines":{"total":27,"covered":0,"skipped":0,"pct":0},"functions":{"total":8,"covered":0,"skipped":0,"pct":0},"statements":{"total":29,"covered":0,"skipped":0,"pct":0},"branches":{"total":0,"covered":0,"skipped":0,"pct":100}}
,"/Users/subbujois/Documents/GitHub/Aurigraph-DLT/aurigraph-av10-7/src/zk/ZKProofSystem.ts": {"lines":{"total":119,"covered":9,"skipped":0,"pct":7.56},"functions":{"total":33,"covered":1,"skipped":0,"pct":3.03},"statements":{"total":128,"covered":11,"skipped":0,"pct":8.59},"branches":{"total":33,"covered":0,"skipped":0,"pct":0}}
}
