{"total": {"lines":{"total":1531,"covered":68,"skipped":0,"pct":4.44},"statements":{"total":1599,"covered":72,"skipped":0,"pct":4.5},"functions":{"total":341,"covered":20,"skipped":0,"pct":5.86},"branches":{"total":269,"covered":10,"skipped":0,"pct":3.71},"branchesTrue":{"total":0,"covered":0,"skipped":0,"pct":100}}
,"/Users/subbujois/Documents/GitHub/Aurigraph-DLT/aurigraph-av10-7/src/ai/AIOptimizer.ts": {"lines":{"total":50,"covered":47,"skipped":0,"pct":94},"functions":{"total":15,"covered":15,"skipped":0,"pct":100},"statements":{"total":52,"covered":49,"skipped":0,"pct":94.23},"branches":{"total":4,"covered":3,"skipped":0,"pct":75}}
,"/Users/subbujois/Documents/GitHub/Aurigraph-DLT/aurigraph-av10-7/src/api/MonitoringAPIServer.ts": {"lines":{"total":60,"covered":0,"skipped":0,"pct":0},"functions":{"total":20,"covered":0,"skipped":0,"pct":0},"statements":{"total":60,"covered":0,"skipped":0,"pct":0},"branches":{"total":6,"covered":0,"skipped":0,"pct":0}}
,"/Users/subbujois/Documents/GitHub/Aurigraph-DLT/aurigraph-av10-7/src/api/VizorAPIEndpoints.ts": {"lines":{"total":151,"covered":0,"skipped":0,"pct":0},"functions":{"total":23,"covered":0,"skipped":0,"pct":0},"statements":{"total":154,"covered":0,"skipped":0,"pct":0},"branches":{"total":30,"covered":0,"skipped":0,"pct":0}}
,"/Users/subbujois/Documents/GitHub/Aurigraph-DLT/aurigraph-av10-7/src/consensus/HyperRAFTPlusPlus.ts": {"lines":{"total":226,"covered":0,"skipped":0,"pct":0},"functions":{"total":56,"covered":0,"skipped":0,"pct":0},"statements":{"total":243,"covered":0,"skipped":0,"pct":0},"branches":{"total":37,"covered":0,"skipped":0,"pct":0}}
,"/Users/subbujois/Documents/GitHub/Aurigraph-DLT/aurigraph-av10-7/src/consensus/ValidatorNode.ts": {"lines":{"total":110,"covered":0,"skipped":0,"pct":0},"functions":{"total":17,"covered":0,"skipped":0,"pct":0},"statements":{"total":111,"covered":0,"skipped":0,"pct":0},"branches":{"total":26,"covered":0,"skipped":0,"pct":0}}
,"/Users/subbujois/Documents/GitHub/Aurigraph-DLT/aurigraph-av10-7/src/consensus/ValidatorOrchestrator.ts": {"lines":{"total":114,"covered":0,"skipped":0,"pct":0},"functions":{"total":19,"covered":0,"skipped":0,"pct":0},"statements":{"total":117,"covered":0,"skipped":0,"pct":0},"branches":{"total":17,"covered":0,"skipped":0,"pct":0}}
,"/Users/subbujois/Documents/GitHub/Aurigraph-DLT/aurigraph-av10-7/src/core/AV10Node.ts": {"lines":{"total":121,"covered":0,"skipped":0,"pct":0},"functions":{"total":29,"covered":0,"skipped":0,"pct":0},"statements":{"total":124,"covered":0,"skipped":0,"pct":0},"branches":{"total":8,"covered":0,"skipped":0,"pct":0}}
,"/Users/subbujois/Documents/GitHub/Aurigraph-DLT/aurigraph-av10-7/src/core/ConfigManager.ts": {"lines":{"total":45,"covered":0,"skipped":0,"pct":0},"functions":{"total":13,"covered":0,"skipped":0,"pct":0},"statements":{"total":47,"covered":0,"skipped":0,"pct":0},"branches":{"total":12,"covered":0,"skipped":0,"pct":0}}
,"/Users/subbujois/Documents/GitHub/Aurigraph-DLT/aurigraph-av10-7/src/core/Logger.ts": {"lines":{"total":29,"covered":21,"skipped":0,"pct":72.41},"functions":{"total":7,"covered":5,"skipped":0,"pct":71.42},"statements":{"total":31,"covered":23,"skipped":0,"pct":74.19},"branches":{"total":14,"covered":7,"skipped":0,"pct":50}}
,"/Users/subbujois/Documents/GitHub/Aurigraph-DLT/aurigraph-av10-7/src/crosschain/CrossChainBridge.ts": {"lines":{"total":168,"covered":0,"skipped":0,"pct":0},"functions":{"total":33,"covered":0,"skipped":0,"pct":0},"statements":{"total":177,"covered":0,"skipped":0,"pct":0},"branches":{"total":39,"covered":0,"skipped":0,"pct":0}}
,"/Users/subbujois/Documents/GitHub/Aurigraph-DLT/aurigraph-av10-7/src/crypto/QuantumCryptoManager.ts": {"lines":{"total":112,"covered":0,"skipped":0,"pct":0},"functions":{"total":23,"covered":0,"skipped":0,"pct":0},"statements":{"total":118,"covered":0,"skipped":0,"pct":0},"branches":{"total":7,"covered":0,"skipped":0,"pct":0}}
,"/Users/subbujois/Documents/GitHub/Aurigraph-DLT/aurigraph-av10-7/src/monitoring/MonitoringService.ts": {"lines":{"total":29,"covered":0,"skipped":0,"pct":0},"functions":{"total":11,"covered":0,"skipped":0,"pct":0},"statements":{"total":31,"covered":0,"skipped":0,"pct":0},"branches":{"total":4,"covered":0,"skipped":0,"pct":0}}
,"/Users/subbujois/Documents/GitHub/Aurigraph-DLT/aurigraph-av10-7/src/monitoring/VizorDashboard.ts": {"lines":{"total":70,"covered":0,"skipped":0,"pct":0},"functions":{"total":20,"covered":0,"skipped":0,"pct":0},"statements":{"total":76,"covered":0,"skipped":0,"pct":0},"branches":{"total":14,"covered":0,"skipped":0,"pct":0}}
,"/Users/subbujois/Documents/GitHub/Aurigraph-DLT/aurigraph-av10-7/src/network/ChannelManager.ts": {"lines":{"total":100,"covered":0,"skipped":0,"pct":0},"functions":{"total":14,"covered":0,"skipped":0,"pct":0},"statements":{"total":101,"covered":0,"skipped":0,"pct":0},"branches":{"total":18,"covered":0,"skipped":0,"pct":0}}
,"/Users/subbujois/Documents/GitHub/Aurigraph-DLT/aurigraph-av10-7/src/network/NetworkOrchestrator.ts": {"lines":{"total":27,"covered":0,"skipped":0,"pct":0},"functions":{"total":8,"covered":0,"skipped":0,"pct":0},"statements":{"total":29,"covered":0,"skipped":0,"pct":0},"branches":{"total":0,"covered":0,"skipped":0,"pct":100}}
,"/Users/subbujois/Documents/GitHub/Aurigraph-DLT/aurigraph-av10-7/src/zk/ZKProofSystem.ts": {"lines":{"total":119,"covered":0,"skipped":0,"pct":0},"functions":{"total":33,"covered":0,"skipped":0,"pct":0},"statements":{"total":128,"covered":0,"skipped":0,"pct":0},"branches":{"total":33,"covered":0,"skipped":0,"pct":0}}
}
