TN:
SF:src/ai/AIOptimizer.ts
FN:11,(anonymous_2)
FN:16,(anonymous_3)
FN:28,(anonymous_4)
FN:50,(anonymous_5)
FN:51,(anonymous_6)
FN:58,(anonymous_7)
FN:107,(anonymous_8)
FN:117,(anonymous_9)
FN:126,(anonymous_10)
FN:135,(anonymous_11)
FN:149,(anonymous_12)
FN:158,(anonymous_13)
FN:167,(anonymous_14)
FN:171,(anonymous_15)
FN:179,(anonymous_16)
FNF:15
FNH:15
FNDA:17,(anonymous_2)
FNDA:18,(anonymous_3)
FNDA:18,(anonymous_4)
FNDA:18,(anonymous_5)
FNDA:18,(anonymous_6)
FNDA:8,(anonymous_7)
FNDA:6,(anonymous_8)
FNDA:3,(anonymous_9)
FNDA:4,(anonymous_10)
FNDA:2,(anonymous_11)
FNDA:1,(anonymous_12)
FNDA:1,(anonymous_13)
FNDA:1,(anonymous_14)
FNDA:6,(anonymous_15)
FNDA:18,(anonymous_16)
DA:1,1
DA:2,1
DA:3,1
DA:6,1
DA:8,17
DA:9,17
DA:12,17
DA:13,17
DA:17,18
DA:20,18
DA:23,18
DA:25,18
DA:30,18
DA:36,18
DA:42,18
DA:47,18
DA:51,18
DA:52,18
DA:53,2
DA:59,8
DA:61,8
DA:64,7
DA:65,0
DA:66,0
DA:67,0
DA:77,7
DA:78,3
DA:79,3
DA:80,3
DA:90,6
DA:91,4
DA:92,4
DA:93,4
DA:103,4
DA:108,6
DA:118,3
DA:119,3
DA:127,4
DA:128,4
DA:137,2
DA:138,2
DA:140,2
DA:151,1
DA:152,1
DA:160,1
DA:168,1
DA:172,6
DA:180,18
DA:181,18
DA:182,18
LF:50
LH:47
BRDA:52,0,0,2
BRDA:64,1,0,0
BRDA:77,2,0,3
BRDA:90,3,0,4
BRF:4
BRH:3
end_of_record
TN:
SF:src/api/MonitoringAPIServer.ts
FN:15,(anonymous_1)
FN:27,(anonymous_2)
FN:37,(anonymous_3)
FN:43,(anonymous_4)
FN:45,(anonymous_5)
FN:58,(anonymous_6)
FN:75,(anonymous_7)
FN:81,(anonymous_8)
FN:98,(anonymous_9)
FN:105,(anonymous_10)
FN:114,(anonymous_11)
FN:127,(anonymous_12)
FN:138,(anonymous_13)
FN:148,(anonymous_14)
FN:176,(anonymous_15)
FN:186,(anonymous_16)
FN:191,(anonymous_17)
FN:192,(anonymous_18)
FN:193,(anonymous_19)
FN:202,(anonymous_20)
FNF:20
FNH:0
FNDA:0,(anonymous_1)
FNDA:0,(anonymous_2)
FNDA:0,(anonymous_3)
FNDA:0,(anonymous_4)
FNDA:0,(anonymous_5)
FNDA:0,(anonymous_6)
FNDA:0,(anonymous_7)
FNDA:0,(anonymous_8)
FNDA:0,(anonymous_9)
FNDA:0,(anonymous_10)
FNDA:0,(anonymous_11)
FNDA:0,(anonymous_12)
FNDA:0,(anonymous_13)
FNDA:0,(anonymous_14)
FNDA:0,(anonymous_15)
FNDA:0,(anonymous_16)
FNDA:0,(anonymous_17)
FNDA:0,(anonymous_18)
FNDA:0,(anonymous_19)
FNDA:0,(anonymous_20)
DA:1,0
DA:2,0
DA:3,0
DA:4,0
DA:9,0
DA:20,0
DA:21,0
DA:22,0
DA:23,0
DA:24,0
DA:28,0
DA:33,0
DA:34,0
DA:37,0
DA:38,0
DA:39,0
DA:45,0
DA:46,0
DA:55,0
DA:58,0
DA:59,0
DA:75,0
DA:76,0
DA:77,0
DA:78,0
DA:79,0
DA:81,0
DA:82,0
DA:92,0
DA:95,0
DA:96,0
DA:98,0
DA:99,0
DA:100,0
DA:105,0
DA:106,0
DA:107,0
DA:114,0
DA:115,0
DA:127,0
DA:128,0
DA:137,0
DA:138,0
DA:148,0
DA:149,0
DA:173,0
DA:176,0
DA:177,0
DA:178,0
DA:186,0
DA:187,0
DA:192,0
DA:193,0
DA:194,0
DA:195,0
DA:196,0
DA:197,0
DA:203,0
DA:204,0
DA:205,0
LF:60
LH:0
BRDA:109,0,0,0
BRDA:109,0,1,0
BRDA:181,1,0,0
BRDA:181,1,1,0
BRDA:191,2,0,0
BRDA:203,3,0,0
BRF:6
BRH:0
end_of_record
TN:
SF:src/api/VizorAPIEndpoints.ts
FN:14,(anonymous_1)
FN:27,(anonymous_2)
FN:57,(anonymous_3)
FN:67,(anonymous_4)
FN:84,(anonymous_5)
FN:96,(anonymous_6)
FN:113,(anonymous_7)
FN:126,(anonymous_8)
FN:136,(anonymous_9)
FN:140,(anonymous_10)
FN:154,(anonymous_11)
FN:168,(anonymous_12)
FN:178,(anonymous_13)
FN:195,(anonymous_14)
FN:208,(anonymous_15)
FN:220,(anonymous_16)
FN:241,(anonymous_17)
FN:259,(anonymous_18)
FN:277,(anonymous_19)
FN:317,(anonymous_20)
FN:319,(anonymous_21)
FN:329,(anonymous_22)
FN:332,(anonymous_23)
FNF:23
FNH:0
FNDA:0,(anonymous_1)
FNDA:0,(anonymous_2)
FNDA:0,(anonymous_3)
FNDA:0,(anonymous_4)
FNDA:0,(anonymous_5)
FNDA:0,(anonymous_6)
FNDA:0,(anonymous_7)
FNDA:0,(anonymous_8)
FNDA:0,(anonymous_9)
FNDA:0,(anonymous_10)
FNDA:0,(anonymous_11)
FNDA:0,(anonymous_12)
FNDA:0,(anonymous_13)
FNDA:0,(anonymous_14)
FNDA:0,(anonymous_15)
FNDA:0,(anonymous_16)
FNDA:0,(anonymous_17)
FNDA:0,(anonymous_18)
FNDA:0,(anonymous_19)
FNDA:0,(anonymous_20)
FNDA:0,(anonymous_21)
FNDA:0,(anonymous_22)
FNDA:0,(anonymous_23)
DA:1,0
DA:5,0
DA:7,0
DA:19,0
DA:20,0
DA:21,0
DA:22,0
DA:23,0
DA:24,0
DA:29,0
DA:30,0
DA:31,0
DA:34,0
DA:35,0
DA:38,0
DA:39,0
DA:40,0
DA:43,0
DA:44,0
DA:45,0
DA:46,0
DA:49,0
DA:50,0
DA:53,0
DA:54,0
DA:58,0
DA:59,0
DA:60,0
DA:62,0
DA:63,0
DA:68,0
DA:69,0
DA:70,0
DA:72,0
DA:73,0
DA:74,0
DA:77,0
DA:79,0
DA:80,0
DA:85,0
DA:86,0
DA:87,0
DA:89,0
DA:91,0
DA:92,0
DA:97,0
DA:98,0
DA:100,0
DA:105,0
DA:106,0
DA:108,0
DA:109,0
DA:114,0
DA:115,0
DA:116,0
DA:118,0
DA:119,0
DA:121,0
DA:122,0
DA:127,0
DA:128,0
DA:129,0
DA:131,0
DA:132,0
DA:137,0
DA:138,0
DA:139,0
DA:140,0
DA:142,0
DA:143,0
DA:144,0
DA:147,0
DA:149,0
DA:150,0
DA:155,0
DA:156,0
DA:157,0
DA:163,0
DA:164,0
DA:169,0
DA:170,0
DA:171,0
DA:173,0
DA:174,0
DA:179,0
DA:180,0
DA:181,0
DA:183,0
DA:184,0
DA:185,0
DA:188,0
DA:190,0
DA:191,0
DA:196,0
DA:197,0
DA:198,0
DA:200,0
DA:201,0
DA:203,0
DA:204,0
DA:209,0
DA:210,0
DA:213,0
DA:215,0
DA:216,0
DA:221,0
DA:223,0
DA:234,0
DA:236,0
DA:237,0
DA:242,0
DA:243,0
DA:244,0
DA:245,0
DA:247,0
DA:249,0
DA:254,0
DA:255,0
DA:260,0
DA:261,0
DA:262,0
DA:264,0
DA:269,0
DA:270,0
DA:272,0
DA:273,0
DA:278,0
DA:279,0
DA:280,0
DA:282,0
DA:283,0
DA:284,0
DA:287,0
DA:292,0
DA:294,0
DA:296,0
DA:297,0
DA:298,0
DA:299,0
DA:302,0
DA:303,0
DA:304,0
DA:305,0
DA:306,0
DA:309,0
DA:312,0
DA:313,0
DA:318,0
DA:319,0
DA:329,0
DA:333,0
LF:151
LH:0
BRDA:72,0,0,0
BRDA:89,1,0,0
BRDA:89,1,1,0
BRDA:100,2,0,0
BRDA:100,2,1,0
BRDA:100,3,0,0
BRDA:100,3,1,0
BRDA:142,4,0,0
BRDA:183,5,0,0
BRDA:243,6,0,0
BRDA:265,7,0,0
BRDA:265,7,1,0
BRDA:266,8,0,0
BRDA:266,8,1,0
BRDA:282,9,0,0
BRDA:288,10,0,0
BRDA:288,10,1,0
BRDA:289,11,0,0
BRDA:289,11,1,0
BRDA:294,12,0,0
BRDA:294,12,1,0
BRDA:294,12,2,0
BRDA:323,13,0,0
BRDA:323,13,1,0
BRDA:324,14,0,0
BRDA:324,14,1,0
BRDA:325,15,0,0
BRDA:325,15,1,0
BRDA:326,16,0,0
BRDA:326,16,1,0
BRF:30
BRH:0
end_of_record
TN:
SF:src/consensus/HyperRAFTPlusPlus.ts
FN:80,(anonymous_2)
FN:113,(anonymous_3)
FN:133,(anonymous_4)
FN:144,(anonymous_5)
FN:176,(anonymous_6)
FN:193,(anonymous_7)
FN:204,(anonymous_8)
FN:210,(anonymous_9)
FN:224,(anonymous_10)
FN:236,(anonymous_11)
FN:239,(anonymous_12)
FN:246,(anonymous_13)
FN:277,(anonymous_14)
FN:296,(anonymous_15)
FN:297,(anonymous_16)
FN:307,(anonymous_17)
FN:321,(anonymous_18)
FN:338,(anonymous_19)
FN:345,(anonymous_20)
FN:345,(anonymous_21)
FN:354,(anonymous_22)
FN:383,(anonymous_23)
FN:385,(anonymous_24)
FN:390,(anonymous_25)
FN:394,(anonymous_26)
FN:397,(anonymous_27)
FN:405,(anonymous_28)
FN:415,(anonymous_29)
FN:423,(anonymous_30)
FN:425,(anonymous_31)
FN:433,(anonymous_32)
FN:443,(anonymous_33)
FN:449,(anonymous_34)
FN:453,(anonymous_35)
FN:456,(anonymous_36)
FN:459,(anonymous_37)
FN:462,(anonymous_38)
FN:476,(anonymous_39)
FN:477,(anonymous_40)
FN:488,(anonymous_41)
FN:500,(anonymous_42)
FN:518,(anonymous_43)
FN:527,(anonymous_44)
FN:542,(anonymous_45)
FN:564,(anonymous_46)
FN:587,(anonymous_47)
FN:615,(anonymous_48)
FN:620,(anonymous_49)
FN:625,(anonymous_50)
FN:627,(anonymous_51)
FN:630,(anonymous_52)
FN:642,(anonymous_53)
FN:647,(anonymous_54)
FN:668,(anonymous_55)
FN:683,(anonymous_56)
FN:694,(anonymous_57)
FNF:56
FNH:0
FNDA:0,(anonymous_2)
FNDA:0,(anonymous_3)
FNDA:0,(anonymous_4)
FNDA:0,(anonymous_5)
FNDA:0,(anonymous_6)
FNDA:0,(anonymous_7)
FNDA:0,(anonymous_8)
FNDA:0,(anonymous_9)
FNDA:0,(anonymous_10)
FNDA:0,(anonymous_11)
FNDA:0,(anonymous_12)
FNDA:0,(anonymous_13)
FNDA:0,(anonymous_14)
FNDA:0,(anonymous_15)
FNDA:0,(anonymous_16)
FNDA:0,(anonymous_17)
FNDA:0,(anonymous_18)
FNDA:0,(anonymous_19)
FNDA:0,(anonymous_20)
FNDA:0,(anonymous_21)
FNDA:0,(anonymous_22)
FNDA:0,(anonymous_23)
FNDA:0,(anonymous_24)
FNDA:0,(anonymous_25)
FNDA:0,(anonymous_26)
FNDA:0,(anonymous_27)
FNDA:0,(anonymous_28)
FNDA:0,(anonymous_29)
FNDA:0,(anonymous_30)
FNDA:0,(anonymous_31)
FNDA:0,(anonymous_32)
FNDA:0,(anonymous_33)
FNDA:0,(anonymous_34)
FNDA:0,(anonymous_35)
FNDA:0,(anonymous_36)
FNDA:0,(anonymous_37)
FNDA:0,(anonymous_38)
FNDA:0,(anonymous_39)
FNDA:0,(anonymous_40)
FNDA:0,(anonymous_41)
FNDA:0,(anonymous_42)
FNDA:0,(anonymous_43)
FNDA:0,(anonymous_44)
FNDA:0,(anonymous_45)
FNDA:0,(anonymous_46)
FNDA:0,(anonymous_47)
FNDA:0,(anonymous_48)
FNDA:0,(anonymous_49)
FNDA:0,(anonymous_50)
FNDA:0,(anonymous_51)
FNDA:0,(anonymous_52)
FNDA:0,(anonymous_53)
FNDA:0,(anonymous_54)
FNDA:0,(anonymous_55)
FNDA:0,(anonymous_56)
FNDA:0,(anonymous_57)
DA:1,0
DA:2,0
DA:3,0
DA:4,0
DA:5,0
DA:6,0
DA:55,0
DA:64,0
DA:65,0
DA:66,0
DA:76,0
DA:77,0
DA:78,0
DA:86,0
DA:87,0
DA:88,0
DA:89,0
DA:90,0
DA:91,0
DA:93,0
DA:103,0
DA:110,0
DA:114,0
DA:117,0
DA:120,0
DA:123,0
DA:124,0
DA:128,0
DA:130,0
DA:134,0
DA:135,0
DA:139,0
DA:146,0
DA:152,0
DA:158,0
DA:164,0
DA:170,0
DA:178,0
DA:186,0
DA:187,0
DA:188,0
DA:190,0
DA:195,0
DA:198,0
DA:201,0
DA:205,0
DA:206,0
DA:207,0
DA:211,0
DA:212,0
DA:213,0
DA:215,0
DA:218,0
DA:221,0
DA:226,0
DA:227,0
DA:231,0
DA:232,0
DA:237,0
DA:239,0
DA:240,0
DA:241,0
DA:247,0
DA:248,0
DA:250,0
DA:253,0
DA:254,0
DA:259,0
DA:261,0
DA:262,0
DA:267,0
DA:269,0
DA:270,0
DA:272,0
DA:273,0
DA:279,0
DA:286,0
DA:291,0
DA:293,0
DA:297,0
DA:298,0
DA:299,0
DA:300,0
DA:303,0
DA:309,0
DA:318,0
DA:322,0
DA:323,0
DA:324,0
DA:325,0
DA:326,0
DA:327,0
DA:329,0
DA:331,0
DA:334,0
DA:337,0
DA:338,0
DA:341,0
DA:344,0
DA:345,0
DA:349,0
DA:351,0
DA:353,0
DA:354,0
DA:355,0
DA:359,0
DA:375,0
DA:376,0
DA:378,0
DA:380,0
DA:385,0
DA:386,0
DA:389,0
DA:390,0
DA:395,0
DA:397,0
DA:398,0
DA:399,0
DA:402,0
DA:407,0
DA:408,0
DA:410,0
DA:411,0
DA:415,0
DA:416,0
DA:419,0
DA:420,0
DA:425,0
DA:435,0
DA:437,0
DA:438,0
DA:440,0
DA:444,0
DA:446,0
DA:450,0
DA:455,0
DA:456,0
DA:459,0
DA:463,0
DA:465,0
DA:466,0
DA:470,0
DA:473,0
DA:477,0
DA:478,0
DA:482,0
DA:483,0
DA:489,0
DA:493,0
DA:494,0
DA:495,0
DA:496,0
DA:501,0
DA:503,0
DA:504,0
DA:505,0
DA:507,0
DA:508,0
DA:509,0
DA:510,0
DA:511,0
DA:512,0
DA:514,0
DA:516,0
DA:517,0
DA:518,0
DA:524,0
DA:529,0
DA:530,0
DA:534,0
DA:539,0
DA:543,0
DA:545,0
DA:546,0
DA:547,0
DA:553,0
DA:556,0
DA:557,0
DA:561,0
DA:565,0
DA:568,0
DA:570,0
DA:571,0
DA:573,0
DA:574,0
DA:575,0
DA:576,0
DA:578,0
DA:579,0
DA:584,0
DA:589,0
DA:590,0
DA:591,0
DA:595,0
DA:597,0
DA:598,0
DA:602,0
DA:603,0
DA:604,0
DA:607,0
DA:617,0
DA:622,0
DA:627,0
DA:630,0
DA:631,0
DA:634,0
DA:635,0
DA:636,0
DA:639,0
DA:644,0
DA:648,0
DA:650,0
DA:657,0
DA:660,0
DA:669,0
DA:671,0
DA:672,0
DA:674,0
DA:678,0
DA:680,0
DA:684,0
DA:687,0
DA:688,0
DA:689,0
DA:691,0
DA:695,0
LF:226
LH:0
BRDA:123,0,0,0
BRDA:134,1,0,0
BRDA:134,1,1,0
BRDA:226,2,0,0
BRDA:231,3,0,0
BRDA:240,4,0,0
BRDA:253,5,0,0
BRDA:253,6,0,0
BRDA:253,6,1,0
BRDA:259,7,0,0
BRDA:269,8,0,0
BRDA:269,8,1,0
BRDA:298,9,0,0
BRDA:395,10,0,0
BRDA:444,11,0,0
BRDA:482,12,0,0
BRDA:482,13,0,0
BRDA:482,13,1,0
BRDA:493,14,0,0
BRDA:510,15,0,0
BRDA:517,16,0,0
BRDA:529,17,0,0
BRDA:529,18,0,0
BRDA:529,18,1,0
BRDA:529,18,2,0
BRDA:529,18,3,0
BRDA:539,19,0,0
BRDA:539,19,1,0
BRDA:579,20,0,0
BRDA:579,20,1,0
BRDA:590,21,0,0
BRDA:597,22,0,0
BRDA:603,23,0,0
BRDA:635,24,0,0
BRDA:663,25,0,0
BRDA:663,25,1,0
BRDA:669,26,0,0
BRF:37
BRH:0
end_of_record
TN:
SF:src/consensus/ValidatorNode.ts
FN:47,(anonymous_0)
FN:57,(anonymous_1)
FN:83,(anonymous_2)
FN:129,(anonymous_3)
FN:163,(anonymous_4)
FN:204,(anonymous_5)
FN:243,(anonymous_6)
FN:259,(anonymous_7)
FN:268,(anonymous_8)
FN:276,(anonymous_9)
FN:278,(anonymous_10)
FN:288,(anonymous_11)
FN:302,(anonymous_12)
FN:303,(anonymous_13)
FN:308,(anonymous_14)
FN:333,(anonymous_15)
FN:345,(anonymous_16)
FNF:17
FNH:0
FNDA:0,(anonymous_0)
FNDA:0,(anonymous_1)
FNDA:0,(anonymous_2)
FNDA:0,(anonymous_3)
FNDA:0,(anonymous_4)
FNDA:0,(anonymous_5)
FNDA:0,(anonymous_6)
FNDA:0,(anonymous_7)
FNDA:0,(anonymous_8)
FNDA:0,(anonymous_9)
FNDA:0,(anonymous_10)
FNDA:0,(anonymous_11)
FNDA:0,(anonymous_12)
FNDA:0,(anonymous_13)
FNDA:0,(anonymous_14)
FNDA:0,(anonymous_15)
FNDA:0,(anonymous_16)
DA:1,0
DA:4,0
DA:34,0
DA:40,0
DA:42,0
DA:43,0
DA:44,0
DA:45,0
DA:48,0
DA:49,0
DA:50,0
DA:51,0
DA:52,0
DA:53,0
DA:54,0
DA:58,0
DA:59,0
DA:62,0
DA:65,0
DA:66,0
DA:70,0
DA:73,0
DA:75,0
DA:78,0
DA:79,0
DA:84,0
DA:86,0
DA:92,0
DA:93,0
DA:94,0
DA:98,0
DA:99,0
DA:100,0
DA:101,0
DA:105,0
DA:108,0
DA:120,0
DA:121,0
DA:124,0
DA:125,0
DA:130,0
DA:131,0
DA:134,0
DA:135,0
DA:137,0
DA:146,0
DA:147,0
DA:149,0
DA:152,0
DA:159,0
DA:160,0
DA:164,0
DA:165,0
DA:168,0
DA:171,0
DA:172,0
DA:173,0
DA:174,0
DA:177,0
DA:185,0
DA:188,0
DA:200,0
DA:201,0
DA:205,0
DA:206,0
DA:209,0
DA:211,0
DA:213,0
DA:214,0
DA:217,0
DA:218,0
DA:221,0
DA:228,0
DA:230,0
DA:231,0
DA:232,0
DA:234,0
DA:237,0
DA:238,0
DA:239,0
DA:247,0
DA:250,0
DA:256,0
DA:260,0
DA:261,0
DA:264,0
DA:265,0
DA:269,0
DA:270,0
DA:271,0
DA:272,0
DA:278,0
DA:279,0
DA:281,0
DA:283,0
DA:284,0
DA:285,0
DA:288,0
DA:289,0
DA:290,0
DA:294,0
DA:295,0
DA:303,0
DA:305,0
DA:308,0
DA:314,0
DA:322,0
DA:334,0
DA:346,0
DA:347,0
LF:110
LH:0
BRDA:92,0,0,0
BRDA:99,1,0,0
BRDA:99,2,0,0
BRDA:99,2,1,0
BRDA:99,2,2,0
BRDA:130,3,0,0
BRDA:164,4,0,0
BRDA:164,5,0,0
BRDA:164,5,1,0
BRDA:174,6,0,0
BRDA:180,7,0,0
BRDA:180,7,1,0
BRDA:185,8,0,0
BRDA:185,8,1,0
BRDA:195,9,0,0
BRDA:195,9,1,0
BRDA:205,10,0,0
BRDA:253,11,0,0
BRDA:253,11,1,0
BRDA:260,12,0,0
BRDA:270,13,0,0
BRDA:279,14,0,0
BRDA:279,15,0,0
BRDA:279,15,1,0
BRDA:283,16,0,0
BRDA:289,17,0,0
BRF:26
BRH:0
end_of_record
TN:
SF:src/consensus/ValidatorOrchestrator.ts
FN:26,(anonymous_0)
FN:33,(anonymous_1)
FN:92,(anonymous_2)
FN:136,(anonymous_3)
FN:162,(anonymous_4)
FN:187,(anonymous_5)
FN:206,(anonymous_6)
FN:213,(anonymous_7)
FN:222,(anonymous_8)
FN:238,(anonymous_9)
FN:243,(anonymous_10)
FN:247,(anonymous_11)
FN:249,(anonymous_12)
FN:252,(anonymous_13)
FN:266,(anonymous_14)
FN:267,(anonymous_15)
FN:272,(anonymous_16)
FN:284,(anonymous_17)
FN:288,(anonymous_18)
FNF:19
FNH:0
FNDA:0,(anonymous_0)
FNDA:0,(anonymous_1)
FNDA:0,(anonymous_2)
FNDA:0,(anonymous_3)
FNDA:0,(anonymous_4)
FNDA:0,(anonymous_5)
FNDA:0,(anonymous_6)
FNDA:0,(anonymous_7)
FNDA:0,(anonymous_8)
FNDA:0,(anonymous_9)
FNDA:0,(anonymous_10)
FNDA:0,(anonymous_11)
FNDA:0,(anonymous_12)
FNDA:0,(anonymous_13)
FNDA:0,(anonymous_14)
FNDA:0,(anonymous_15)
FNDA:0,(anonymous_16)
FNDA:0,(anonymous_17)
FNDA:0,(anonymous_18)
DA:1,0
DA:2,0
DA:5,0
DA:17,0
DA:19,0
DA:20,0
DA:23,0
DA:24,0
DA:27,0
DA:28,0
DA:29,0
DA:30,0
DA:34,0
DA:35,0
DA:38,0
DA:63,0
DA:64,0
DA:65,0
DA:68,0
DA:69,0
DA:70,0
DA:71,0
DA:73,0
DA:77,0
DA:78,0
DA:79,0
DA:82,0
DA:84,0
DA:87,0
DA:88,0
DA:93,0
DA:95,0
DA:97,0
DA:107,0
DA:110,0
DA:111,0
DA:112,0
DA:113,0
DA:117,0
DA:120,0
DA:128,0
DA:131,0
DA:132,0
DA:137,0
DA:138,0
DA:139,0
DA:142,0
DA:145,0
DA:146,0
DA:147,0
DA:148,0
DA:152,0
DA:155,0
DA:163,0
DA:164,0
DA:165,0
DA:166,0
DA:167,0
DA:171,0
DA:172,0
DA:173,0
DA:177,0
DA:179,0
DA:180,0
DA:181,0
DA:182,0
DA:186,0
DA:187,0
DA:188,0
DA:190,0
DA:192,0
DA:193,0
DA:195,0
DA:198,0
DA:201,0
DA:202,0
DA:207,0
DA:210,0
DA:211,0
DA:213,0
DA:214,0
DA:219,0
DA:223,0
DA:226,0
DA:227,0
DA:228,0
DA:231,0
DA:232,0
DA:233,0
DA:239,0
DA:240,0
DA:244,0
DA:249,0
DA:251,0
DA:252,0
DA:254,0
DA:256,0
DA:257,0
DA:258,0
DA:259,0
DA:260,0
DA:267,0
DA:272,0
DA:280,0
DA:284,0
DA:289,0
DA:291,0
DA:292,0
DA:293,0
DA:296,0
DA:297,0
DA:300,0
DA:301,0
DA:302,0
LF:114
LH:0
BRDA:112,0,0,0
BRDA:138,1,0,0
BRDA:147,2,0,0
BRDA:165,3,0,0
BRDA:171,4,0,0
BRDA:171,5,0,0
BRDA:171,5,1,0
BRDA:181,6,0,0
BRDA:192,7,0,0
BRDA:192,7,1,0
BRDA:211,8,0,0
BRDA:223,9,0,0
BRDA:223,9,1,0
BRDA:227,10,0,0
BRDA:231,11,0,0
BRDA:258,12,0,0
BRDA:291,13,0,0
BRF:17
BRH:0
end_of_record
TN:
SF:src/core/AV10Node.ts
FN:51,(anonymous_2)
FN:80,(anonymous_3)
FN:113,(anonymous_4)
FN:120,(anonymous_5)
FN:126,(anonymous_6)
FN:131,(anonymous_7)
FN:135,(anonymous_8)
FN:140,(anonymous_9)
FN:144,(anonymous_10)
FN:151,(anonymous_11)
FN:164,(anonymous_12)
FN:186,(anonymous_13)
FN:191,(anonymous_14)
FN:193,(anonymous_15)
FN:209,(anonymous_16)
FN:211,(anonymous_17)
FN:216,(anonymous_18)
FN:222,(anonymous_19)
FN:227,(anonymous_20)
FN:232,(anonymous_21)
FN:233,(anonymous_22)
FN:239,(anonymous_23)
FN:253,(anonymous_24)
FN:262,(anonymous_25)
FN:276,(anonymous_26)
FN:299,(anonymous_27)
FN:310,(anonymous_28)
FN:314,(anonymous_29)
FN:325,(anonymous_30)
FNF:29
FNH:0
FNDA:0,(anonymous_2)
FNDA:0,(anonymous_3)
FNDA:0,(anonymous_4)
FNDA:0,(anonymous_5)
FNDA:0,(anonymous_6)
FNDA:0,(anonymous_7)
FNDA:0,(anonymous_8)
FNDA:0,(anonymous_9)
FNDA:0,(anonymous_10)
FNDA:0,(anonymous_11)
FNDA:0,(anonymous_12)
FNDA:0,(anonymous_13)
FNDA:0,(anonymous_14)
FNDA:0,(anonymous_15)
FNDA:0,(anonymous_16)
FNDA:0,(anonymous_17)
FNDA:0,(anonymous_18)
FNDA:0,(anonymous_19)
FNDA:0,(anonymous_20)
FNDA:0,(anonymous_21)
FNDA:0,(anonymous_22)
FNDA:0,(anonymous_23)
FNDA:0,(anonymous_24)
FNDA:0,(anonymous_25)
FNDA:0,(anonymous_26)
FNDA:0,(anonymous_27)
FNDA:0,(anonymous_28)
FNDA:0,(anonymous_29)
FNDA:0,(anonymous_30)
DA:1,0
DA:2,0
DA:3,0
DA:4,0
DA:5,0
DA:6,0
DA:7,0
DA:8,0
DA:9,0
DA:10,0
DA:11,0
DA:37,0
DA:42,0
DA:43,0
DA:44,0
DA:45,0
DA:46,0
DA:47,0
DA:48,0
DA:49,0
DA:52,0
DA:53,0
DA:54,0
DA:56,0
DA:81,0
DA:83,0
DA:85,0
DA:88,0
DA:91,0
DA:94,0
DA:97,0
DA:100,0
DA:103,0
DA:105,0
DA:108,0
DA:109,0
DA:114,0
DA:115,0
DA:116,0
DA:117,0
DA:121,0
DA:123,0
DA:126,0
DA:127,0
DA:128,0
DA:131,0
DA:132,0
DA:135,0
DA:136,0
DA:141,0
DA:144,0
DA:145,0
DA:146,0
DA:153,0
DA:155,0
DA:158,0
DA:161,0
DA:165,0
DA:168,0
DA:169,0
DA:170,0
DA:171,0
DA:172,0
DA:177,0
DA:180,0
DA:183,0
DA:188,0
DA:193,0
DA:194,0
DA:197,0
DA:198,0
DA:211,0
DA:212,0
DA:213,0
DA:216,0
DA:217,0
DA:218,0
DA:222,0
DA:223,0
DA:227,0
DA:228,0
DA:233,0
DA:234,0
DA:235,0
DA:241,0
DA:244,0
DA:247,0
DA:248,0
DA:249,0
DA:250,0
DA:254,0
DA:255,0
DA:259,0
DA:263,0
DA:265,0
DA:266,0
DA:267,0
DA:268,0
DA:269,0
DA:270,0
DA:271,0
DA:272,0
DA:273,0
DA:278,0
DA:279,0
DA:283,0
DA:284,0
DA:290,0
DA:292,0
DA:300,0
DA:311,0
DA:315,0
DA:326,0
DA:328,0
DA:331,0
DA:332,0
DA:333,0
DA:334,0
DA:335,0
DA:338,0
DA:340,0
LF:121
LH:0
BRDA:115,0,0,0
BRDA:115,0,1,0
BRDA:145,1,0,0
BRDA:155,2,0,0
BRDA:168,3,0,0
BRDA:170,4,0,0
BRDA:278,5,0,0
BRDA:283,6,0,0
BRF:8
BRH:0
end_of_record
TN:
SF:src/core/ConfigManager.ts
FN:75,(anonymous_2)
FN:80,(anonymous_3)
FN:105,(anonymous_4)
FN:160,(anonymous_5)
FN:186,(anonymous_6)
FN:200,(anonymous_7)
FN:204,(anonymous_8)
FN:208,(anonymous_9)
FN:212,(anonymous_10)
FN:216,(anonymous_11)
FN:220,(anonymous_12)
FN:224,(anonymous_13)
FN:228,(anonymous_14)
FNF:13
FNH:0
FNDA:0,(anonymous_2)
FNDA:0,(anonymous_3)
FNDA:0,(anonymous_4)
FNDA:0,(anonymous_5)
FNDA:0,(anonymous_6)
FNDA:0,(anonymous_7)
FNDA:0,(anonymous_8)
FNDA:0,(anonymous_9)
FNDA:0,(anonymous_10)
FNDA:0,(anonymous_11)
FNDA:0,(anonymous_12)
FNDA:0,(anonymous_13)
FNDA:0,(anonymous_14)
DA:1,0
DA:2,0
DA:3,0
DA:71,0
DA:76,0
DA:77,0
DA:81,0
DA:84,0
DA:85,0
DA:86,0
DA:87,0
DA:88,0
DA:89,0
DA:90,0
DA:92,0
DA:97,0
DA:100,0
DA:102,0
DA:106,0
DA:161,0
DA:162,0
DA:165,0
DA:166,0
DA:169,0
DA:170,0
DA:173,0
DA:174,0
DA:177,0
DA:178,0
DA:181,0
DA:182,0
DA:187,0
DA:188,0
DA:191,0
DA:192,0
DA:195,0
DA:196,0
DA:201,0
DA:205,0
DA:209,0
DA:213,0
DA:217,0
DA:221,0
DA:225,0
DA:229,0
LF:45
LH:0
BRDA:84,0,0,0
BRDA:84,0,1,0
BRDA:85,1,0,0
BRDA:161,2,0,0
BRDA:165,3,0,0
BRDA:169,4,0,0
BRDA:173,5,0,0
BRDA:177,6,0,0
BRDA:181,7,0,0
BRDA:187,8,0,0
BRDA:191,9,0,0
BRDA:195,10,0,0
BRF:12
BRH:0
end_of_record
TN:
SF:src/core/Logger.ts
FN:9,(anonymous_3)
FN:17,(anonymous_4)
FN:62,(anonymous_5)
FN:72,(anonymous_6)
FN:76,(anonymous_7)
FN:80,(anonymous_8)
FN:90,(anonymous_9)
FNF:7
FNH:5
FNDA:17,(anonymous_3)
FNDA:88,(anonymous_4)
FNDA:88,(anonymous_5)
FNDA:80,(anonymous_6)
FNDA:0,(anonymous_7)
FNDA:4,(anonymous_8)
FNDA:0,(anonymous_9)
DA:1,1
DA:2,1
DA:5,1
DA:10,17
DA:12,17
DA:18,88
DA:19,88
DA:21,88
DA:22,8
DA:25,88
DA:26,8
DA:29,88
DA:33,17
DA:52,17
DA:53,0
DA:63,88
DA:64,4
DA:65,0
DA:66,80
DA:67,0
DA:68,4
DA:73,80
DA:77,0
DA:81,4
DA:82,4
DA:83,0
DA:84,0
DA:86,0
DA:91,0
LF:29
LH:21
BRDA:21,0,0,8
BRDA:25,1,0,8
BRDA:34,2,0,17
BRDA:34,2,1,0
BRDA:52,3,0,0
BRDA:63,4,0,4
BRDA:63,4,1,0
BRDA:63,4,2,80
BRDA:63,4,3,0
BRDA:63,4,4,4
BRDA:81,5,0,4
BRDA:81,5,1,0
BRDA:83,6,0,0
BRDA:83,6,1,0
BRF:14
BRH:7
end_of_record
TN:
SF:src/crosschain/CrossChainBridge.ts
FN:56,(anonymous_2)
FN:63,(anonymous_3)
FN:81,(anonymous_4)
FN:160,(anonymous_5)
FN:164,(anonymous_6)
FN:200,(anonymous_7)
FN:206,(anonymous_8)
FN:209,(anonymous_9)
FN:219,(anonymous_10)
FN:273,(anonymous_11)
FN:289,(anonymous_12)
FN:304,(anonymous_13)
FN:305,(anonymous_14)
FN:349,(anonymous_15)
FN:354,(anonymous_16)
FN:385,(anonymous_17)
FN:391,(anonymous_18)
FN:402,(anonymous_19)
FN:407,(anonymous_20)
FN:413,(anonymous_21)
FN:419,(anonymous_22)
FN:422,(anonymous_23)
FN:438,(anonymous_24)
FN:453,(anonymous_25)
FN:504,(anonymous_26)
FN:509,(anonymous_27)
FN:527,(anonymous_28)
FN:531,(anonymous_29)
FN:535,(anonymous_30)
FN:559,(anonymous_31)
FN:563,(anonymous_32)
FN:567,(anonymous_33)
FN:575,(anonymous_34)
FNF:33
FNH:0
FNDA:0,(anonymous_2)
FNDA:0,(anonymous_3)
FNDA:0,(anonymous_4)
FNDA:0,(anonymous_5)
FNDA:0,(anonymous_6)
FNDA:0,(anonymous_7)
FNDA:0,(anonymous_8)
FNDA:0,(anonymous_9)
FNDA:0,(anonymous_10)
FNDA:0,(anonymous_11)
FNDA:0,(anonymous_12)
FNDA:0,(anonymous_13)
FNDA:0,(anonymous_14)
FNDA:0,(anonymous_15)
FNDA:0,(anonymous_16)
FNDA:0,(anonymous_17)
FNDA:0,(anonymous_18)
FNDA:0,(anonymous_19)
FNDA:0,(anonymous_20)
FNDA:0,(anonymous_21)
FNDA:0,(anonymous_22)
FNDA:0,(anonymous_23)
FNDA:0,(anonymous_24)
FNDA:0,(anonymous_25)
FNDA:0,(anonymous_26)
FNDA:0,(anonymous_27)
FNDA:0,(anonymous_28)
FNDA:0,(anonymous_29)
FNDA:0,(anonymous_30)
FNDA:0,(anonymous_31)
FNDA:0,(anonymous_32)
FNDA:0,(anonymous_33)
FNDA:0,(anonymous_34)
DA:1,0
DA:2,0
DA:3,0
DA:4,0
DA:5,0
DA:38,0
DA:40,0
DA:41,0
DA:42,0
DA:47,0
DA:57,0
DA:58,0
DA:59,0
DA:60,0
DA:64,0
DA:67,0
DA:70,0
DA:73,0
DA:76,0
DA:78,0
DA:83,0
DA:91,0
DA:99,0
DA:107,0
DA:116,0
DA:124,0
DA:132,0
DA:140,0
DA:148,0
DA:156,0
DA:157,0
DA:161,0
DA:166,0
DA:179,0
DA:182,0
DA:183,0
DA:194,0
DA:197,0
DA:203,0
DA:206,0
DA:211,0
DA:212,0
DA:227,0
DA:230,0
DA:231,0
DA:235,0
DA:248,0
DA:251,0
DA:262,0
DA:265,0
DA:268,0
DA:270,0
DA:274,0
DA:279,0
DA:282,0
DA:283,0
DA:284,0
DA:285,0
DA:290,0
DA:291,0
DA:293,0
DA:294,0
DA:296,0
DA:297,0
DA:298,0
DA:302,0
DA:305,0
DA:310,0
DA:311,0
DA:312,0
DA:316,0
DA:319,0
DA:320,0
DA:321,0
DA:325,0
DA:328,0
DA:331,0
DA:333,0
DA:334,0
DA:337,0
DA:338,0
DA:340,0
DA:341,0
DA:342,0
DA:343,0
DA:344,0
DA:345,0
DA:349,0
DA:356,0
DA:357,0
DA:359,0
DA:360,0
DA:364,0
DA:367,0
DA:368,0
DA:371,0
DA:372,0
DA:373,0
DA:377,0
DA:378,0
DA:379,0
DA:382,0
DA:387,0
DA:388,0
DA:392,0
DA:393,0
DA:395,0
DA:396,0
DA:397,0
DA:398,0
DA:400,0
DA:401,0
DA:402,0
DA:409,0
DA:410,0
DA:414,0
DA:415,0
DA:418,0
DA:419,0
DA:423,0
DA:428,0
DA:431,0
DA:432,0
DA:433,0
DA:434,0
DA:439,0
DA:440,0
DA:442,0
DA:444,0
DA:446,0
DA:447,0
DA:463,0
DA:466,0
DA:467,0
DA:470,0
DA:480,0
DA:491,0
DA:492,0
DA:495,0
DA:505,0
DA:511,0
DA:513,0
DA:514,0
DA:515,0
DA:516,0
DA:517,0
DA:518,0
DA:523,0
DA:527,0
DA:532,0
DA:536,0
DA:537,0
DA:539,0
DA:540,0
DA:544,0
DA:548,0
DA:549,0
DA:550,0
DA:552,0
DA:553,0
DA:555,0
DA:560,0
DA:564,0
DA:568,0
DA:576,0
DA:579,0
DA:580,0
DA:582,0
LF:168
LH:0
BRDA:230,0,0,0
BRDA:230,1,0,0
BRDA:230,1,1,0
BRDA:283,2,0,0
BRDA:284,3,0,0
BRDA:284,3,1,0
BRDA:297,4,0,0
BRDA:311,5,0,0
BRDA:320,6,0,0
BRDA:340,7,0,0
BRDA:359,8,0,0
BRDA:359,9,0,0
BRDA:359,9,1,0
BRDA:364,10,0,0
BRDA:364,10,1,0
BRDA:367,11,0,0
BRDA:371,12,0,0
BRDA:371,12,1,0
BRDA:372,13,0,0
BRDA:378,14,0,0
BRDA:378,15,0,0
BRDA:378,15,1,0
BRDA:401,16,0,0
BRDA:415,17,0,0
BRDA:432,18,0,0
BRDA:433,19,0,0
BRDA:433,19,1,0
BRDA:440,20,0,0
BRDA:440,21,0,0
BRDA:440,21,1,0
BRDA:444,22,0,0
BRDA:515,23,0,0
BRDA:517,24,0,0
BRDA:517,24,1,0
BRDA:536,25,0,0
BRDA:536,25,1,0
BRDA:549,26,0,0
BRDA:549,26,1,0
BRDA:552,27,0,0
BRF:39
BRH:0
end_of_record
TN:
SF:src/crypto/QuantumCryptoManager.ts
FN:37,(anonymous_11)
FN:41,(anonymous_12)
FN:56,(anonymous_13)
FN:67,(anonymous_14)
FN:80,(anonymous_15)
FN:86,(anonymous_16)
FN:95,(anonymous_17)
FN:104,(anonymous_18)
FN:119,(anonymous_19)
FN:136,(anonymous_20)
FN:152,(anonymous_21)
FN:167,(anonymous_22)
FN:182,(anonymous_23)
FN:197,(anonymous_24)
FN:217,(anonymous_25)
FN:225,(anonymous_26)
FN:241,(anonymous_27)
FN:255,(anonymous_28)
FN:264,(anonymous_29)
FN:287,(anonymous_30)
FN:298,(anonymous_31)
FN:306,(anonymous_32)
FN:310,(anonymous_33)
FNF:23
FNH:0
FNDA:0,(anonymous_11)
FNDA:0,(anonymous_12)
FNDA:0,(anonymous_13)
FNDA:0,(anonymous_14)
FNDA:0,(anonymous_15)
FNDA:0,(anonymous_16)
FNDA:0,(anonymous_17)
FNDA:0,(anonymous_18)
FNDA:0,(anonymous_19)
FNDA:0,(anonymous_20)
FNDA:0,(anonymous_21)
FNDA:0,(anonymous_22)
FNDA:0,(anonymous_23)
FNDA:0,(anonymous_24)
FNDA:0,(anonymous_25)
FNDA:0,(anonymous_26)
FNDA:0,(anonymous_27)
FNDA:0,(anonymous_28)
FNDA:0,(anonymous_29)
FNDA:0,(anonymous_30)
FNDA:0,(anonymous_31)
FNDA:0,(anonymous_32)
FNDA:0,(anonymous_33)
DA:1,0
DA:2,0
DA:3,0
DA:24,0
DA:26,0
DA:27,0
DA:30,0
DA:38,0
DA:42,0
DA:45,0
DA:48,0
DA:51,0
DA:53,0
DA:60,0
DA:61,0
DA:62,0
DA:63,0
DA:64,0
DA:69,0
DA:70,0
DA:71,0
DA:73,0
DA:74,0
DA:75,0
DA:77,0
DA:83,0
DA:87,0
DA:88,0
DA:90,0
DA:91,0
DA:96,0
DA:97,0
DA:99,0
DA:100,0
DA:105,0
DA:106,0
DA:107,0
DA:109,0
DA:110,0
DA:112,0
DA:114,0
DA:115,0
DA:120,0
DA:121,0
DA:122,0
DA:124,0
DA:126,0
DA:127,0
DA:129,0
DA:131,0
DA:132,0
DA:139,0
DA:145,0
DA:155,0
DA:160,0
DA:170,0
DA:175,0
DA:183,0
DA:184,0
DA:186,0
DA:187,0
DA:190,0
DA:191,0
DA:192,0
DA:194,0
DA:198,0
DA:199,0
DA:200,0
DA:202,0
DA:203,0
DA:206,0
DA:207,0
DA:208,0
DA:210,0
DA:212,0
DA:213,0
DA:220,0
DA:221,0
DA:222,0
DA:229,0
DA:234,0
DA:249,0
DA:256,0
DA:261,0
DA:268,0
DA:269,0
DA:272,0
DA:273,0
DA:280,0
DA:289,0
DA:290,0
DA:294,0
DA:295,0
DA:300,0
DA:303,0
DA:307,0
DA:311,0
DA:312,0
DA:315,0
DA:316,0
DA:317,0
DA:319,0
DA:322,0
DA:323,0
DA:324,0
DA:325,0
DA:327,0
DA:330,0
DA:331,0
DA:332,0
DA:334,0
DA:336,0
LF:112
LH:0
BRDA:183,0,0,0
BRDA:183,0,1,0
BRDA:186,1,0,0
BRDA:200,2,0,0
BRDA:200,2,1,0
BRDA:202,3,0,0
BRDA:289,4,0,0
BRF:7
BRH:0
end_of_record
TN:
SF:src/monitoring/MonitoringService.ts
FN:10,(anonymous_2)
FN:15,(anonymous_3)
FN:30,(anonymous_4)
FN:39,(anonymous_5)
FN:44,(anonymous_6)
FN:45,(anonymous_7)
FN:51,(anonymous_8)
FN:57,(anonymous_9)
FN:62,(anonymous_10)
FN:67,(anonymous_11)
FN:71,(anonymous_12)
FNF:11
FNH:0
FNDA:0,(anonymous_2)
FNDA:0,(anonymous_3)
FNDA:0,(anonymous_4)
FNDA:0,(anonymous_5)
FNDA:0,(anonymous_6)
FNDA:0,(anonymous_7)
FNDA:0,(anonymous_8)
FNDA:0,(anonymous_9)
FNDA:0,(anonymous_10)
FNDA:0,(anonymous_11)
FNDA:0,(anonymous_12)
DA:1,0
DA:2,0
DA:3,0
DA:6,0
DA:8,0
DA:11,0
DA:12,0
DA:16,0
DA:19,0
DA:22,0
DA:25,0
DA:27,0
DA:32,0
DA:33,0
DA:34,0
DA:35,0
DA:36,0
DA:40,0
DA:45,0
DA:47,0
DA:53,0
DA:54,0
DA:58,0
DA:59,0
DA:63,0
DA:64,0
DA:68,0
DA:72,0
DA:73,0
LF:29
LH:0
BRDA:58,0,0,0
BRDA:58,0,1,0
BRDA:63,1,0,0
BRDA:63,1,1,0
BRF:4
BRH:0
end_of_record
TN:
SF:src/monitoring/VizorDashboard.ts
FN:34,(anonymous_0)
FN:37,(anonymous_1)
FN:41,(anonymous_2)
FN:62,(anonymous_3)
FN:98,(anonymous_4)
FN:127,(anonymous_5)
FN:156,(anonymous_6)
FN:259,(anonymous_7)
FN:263,(anonymous_8)
FN:267,(anonymous_9)
FN:274,(anonymous_10)
FN:286,(anonymous_11)
FN:293,(anonymous_12)
FN:319,(anonymous_13)
FN:322,(anonymous_14)
FN:328,(anonymous_15)
FN:333,(anonymous_16)
FN:337,(anonymous_17)
FN:345,(anonymous_18)
FN:353,(anonymous_19)
FNF:20
FNH:0
FNDA:0,(anonymous_0)
FNDA:0,(anonymous_1)
FNDA:0,(anonymous_2)
FNDA:0,(anonymous_3)
FNDA:0,(anonymous_4)
FNDA:0,(anonymous_5)
FNDA:0,(anonymous_6)
FNDA:0,(anonymous_7)
FNDA:0,(anonymous_8)
FNDA:0,(anonymous_9)
FNDA:0,(anonymous_10)
FNDA:0,(anonymous_11)
FNDA:0,(anonymous_12)
FNDA:0,(anonymous_13)
FNDA:0,(anonymous_14)
FNDA:0,(anonymous_15)
FNDA:0,(anonymous_16)
FNDA:0,(anonymous_17)
FNDA:0,(anonymous_18)
FNDA:0,(anonymous_19)
DA:1,0
DA:2,0
DA:27,0
DA:29,0
DA:30,0
DA:31,0
DA:35,0
DA:36,0
DA:37,0
DA:38,0
DA:42,0
DA:43,0
DA:45,0
DA:46,0
DA:49,0
DA:50,0
DA:53,0
DA:55,0
DA:58,0
DA:63,0
DA:64,0
DA:66,0
DA:99,0
DA:100,0
DA:102,0
DA:128,0
DA:129,0
DA:131,0
DA:158,0
DA:195,0
DA:225,0
DA:254,0
DA:255,0
DA:256,0
DA:260,0
DA:264,0
DA:268,0
DA:270,0
DA:271,0
DA:273,0
DA:274,0
DA:275,0
DA:279,0
DA:281,0
DA:282,0
DA:287,0
DA:288,0
DA:289,0
DA:294,0
DA:295,0
DA:296,0
DA:299,0
DA:306,0
DA:307,0
DA:308,0
DA:316,0
DA:320,0
DA:322,0
DA:324,0
DA:328,0
DA:334,0
DA:335,0
DA:337,0
DA:338,0
DA:340,0
DA:342,0
DA:345,0
DA:354,0
DA:355,0
DA:357,0
LF:70
LH:0
BRDA:45,0,0,0
BRDA:45,0,1,0
BRDA:49,1,0,0
BRDA:271,2,0,0
BRDA:271,2,1,0
BRDA:273,3,0,0
BRDA:275,4,0,0
BRDA:275,4,1,0
BRDA:287,5,0,0
BRDA:295,6,0,0
BRDA:320,7,0,0
BRDA:335,8,0,0
BRDA:338,9,0,0
BRDA:354,10,0,0
BRF:14
BRH:0
end_of_record
TN:
SF:src/network/ChannelManager.ts
FN:46,(anonymous_0)
FN:53,(anonymous_1)
FN:76,(anonymous_2)
FN:103,(anonymous_3)
FN:141,(anonymous_4)
FN:199,(anonymous_5)
FN:227,(anonymous_6)
FN:228,(anonymous_7)
FN:255,(anonymous_8)
FN:256,(anonymous_9)
FN:290,(anonymous_10)
FN:309,(anonymous_11)
FN:310,(anonymous_12)
FN:315,(anonymous_13)
FNF:14
FNH:0
FNDA:0,(anonymous_0)
FNDA:0,(anonymous_1)
FNDA:0,(anonymous_2)
FNDA:0,(anonymous_3)
FNDA:0,(anonymous_4)
FNDA:0,(anonymous_5)
FNDA:0,(anonymous_6)
FNDA:0,(anonymous_7)
FNDA:0,(anonymous_8)
FNDA:0,(anonymous_9)
FNDA:0,(anonymous_10)
FNDA:0,(anonymous_11)
FNDA:0,(anonymous_12)
FNDA:0,(anonymous_13)
DA:1,0
DA:5,0
DA:36,0
DA:38,0
DA:39,0
DA:40,0
DA:41,0
DA:44,0
DA:47,0
DA:48,0
DA:49,0
DA:50,0
DA:54,0
DA:55,0
DA:58,0
DA:59,0
DA:60,0
DA:63,0
DA:66,0
DA:68,0
DA:71,0
DA:72,0
DA:77,0
DA:79,0
DA:80,0
DA:81,0
DA:84,0
DA:85,0
DA:88,0
DA:91,0
DA:98,0
DA:99,0
DA:104,0
DA:105,0
DA:107,0
DA:109,0
DA:111,0
DA:119,0
DA:120,0
DA:122,0
DA:123,0
DA:127,0
DA:136,0
DA:137,0
DA:147,0
DA:148,0
DA:149,0
DA:150,0
DA:152,0
DA:153,0
DA:156,0
DA:157,0
DA:161,0
DA:162,0
DA:168,0
DA:170,0
DA:182,0
DA:188,0
DA:190,0
DA:191,0
DA:194,0
DA:195,0
DA:203,0
DA:204,0
DA:205,0
DA:206,0
DA:210,0
DA:215,0
DA:217,0
DA:219,0
DA:222,0
DA:223,0
DA:228,0
DA:229,0
DA:230,0
DA:232,0
DA:234,0
DA:235,0
DA:237,0
DA:244,0
DA:247,0
DA:256,0
DA:257,0
DA:258,0
DA:260,0
DA:261,0
DA:262,0
DA:271,0
DA:279,0
DA:291,0
DA:292,0
DA:294,0
DA:296,0
DA:310,0
DA:311,0
DA:316,0
DA:318,0
DA:319,0
DA:320,0
DA:323,0
LF:100
LH:0
BRDA:107,0,0,0
BRDA:107,0,1,0
BRDA:152,1,0,0
BRDA:152,2,0,0
BRDA:152,2,1,0
BRDA:152,2,2,0
BRDA:156,3,0,0
BRDA:156,4,0,0
BRDA:156,4,1,0
BRDA:205,5,0,0
BRDA:230,6,0,0
BRDA:258,7,0,0
BRDA:258,7,1,0
BRDA:261,8,0,0
BRDA:292,9,0,0
BRDA:294,10,0,0
BRDA:294,10,1,0
BRDA:318,11,0,0
BRF:18
BRH:0
end_of_record
TN:
SF:src/network/NetworkOrchestrator.ts
FN:11,(anonymous_2)
FN:16,(anonymous_3)
FN:28,(anonymous_4)
FN:33,(anonymous_5)
FN:45,(anonymous_6)
FN:51,(anonymous_7)
FN:56,(anonymous_8)
FN:65,(anonymous_9)
FNF:8
FNH:0
FNDA:0,(anonymous_2)
FNDA:0,(anonymous_3)
FNDA:0,(anonymous_4)
FNDA:0,(anonymous_5)
FNDA:0,(anonymous_6)
FNDA:0,(anonymous_7)
FNDA:0,(anonymous_8)
FNDA:0,(anonymous_9)
DA:1,0
DA:2,0
DA:3,0
DA:6,0
DA:8,0
DA:9,0
DA:12,0
DA:13,0
DA:17,0
DA:20,0
DA:23,0
DA:25,0
DA:29,0
DA:35,0
DA:40,0
DA:41,0
DA:46,0
DA:47,0
DA:48,0
DA:52,0
DA:53,0
DA:57,0
DA:59,0
DA:61,0
DA:66,0
DA:67,0
DA:68,0
LF:27
LH:0
BRF:0
BRH:0
end_of_record
TN:
SF:src/zk/ZKProofSystem.ts
FN:44,(anonymous_11)
FN:48,(anonymous_12)
FN:63,(anonymous_13)
FN:103,(anonymous_14)
FN:109,(anonymous_15)
FN:114,(anonymous_16)
FN:120,(anonymous_17)
FN:159,(anonymous_18)
FN:184,(anonymous_19)
FN:206,(anonymous_20)
FN:221,(anonymous_21)
FN:236,(anonymous_22)
FN:241,(anonymous_23)
FN:244,(anonymous_24)
FN:250,(anonymous_25)
FN:279,(anonymous_26)
FN:281,(anonymous_27)
FN:287,(anonymous_28)
FN:289,(anonymous_29)
FN:294,(anonymous_30)
FN:296,(anonymous_31)
FN:301,(anonymous_32)
FN:303,(anonymous_33)
FN:308,(anonymous_34)
FN:326,(anonymous_35)
FN:330,(anonymous_36)
FN:335,(anonymous_37)
FN:340,(anonymous_38)
FN:357,(anonymous_39)
FN:379,(anonymous_40)
FN:385,(anonymous_41)
FN:399,(anonymous_42)
FN:408,(anonymous_43)
FNF:33
FNH:0
FNDA:0,(anonymous_11)
FNDA:0,(anonymous_12)
FNDA:0,(anonymous_13)
FNDA:0,(anonymous_14)
FNDA:0,(anonymous_15)
FNDA:0,(anonymous_16)
FNDA:0,(anonymous_17)
FNDA:0,(anonymous_18)
FNDA:0,(anonymous_19)
FNDA:0,(anonymous_20)
FNDA:0,(anonymous_21)
FNDA:0,(anonymous_22)
FNDA:0,(anonymous_23)
FNDA:0,(anonymous_24)
FNDA:0,(anonymous_25)
FNDA:0,(anonymous_26)
FNDA:0,(anonymous_27)
FNDA:0,(anonymous_28)
FNDA:0,(anonymous_29)
FNDA:0,(anonymous_30)
FNDA:0,(anonymous_31)
FNDA:0,(anonymous_32)
FNDA:0,(anonymous_33)
FNDA:0,(anonymous_34)
FNDA:0,(anonymous_35)
FNDA:0,(anonymous_36)
FNDA:0,(anonymous_37)
FNDA:0,(anonymous_38)
FNDA:0,(anonymous_39)
FNDA:0,(anonymous_40)
FNDA:0,(anonymous_41)
FNDA:0,(anonymous_42)
FNDA:0,(anonymous_43)
DA:1,0
DA:2,0
DA:3,0
DA:29,0
DA:31,0
DA:32,0
DA:33,0
DA:36,0
DA:45,0
DA:49,0
DA:52,0
DA:55,0
DA:58,0
DA:60,0
DA:65,0
DA:74,0
DA:83,0
DA:92,0
DA:100,0
DA:106,0
DA:109,0
DA:111,0
DA:116,0
DA:117,0
DA:121,0
DA:124,0
DA:125,0
DA:126,0
DA:127,0
DA:132,0
DA:134,0
DA:135,0
DA:137,0
DA:138,0
DA:140,0
DA:141,0
DA:143,0
DA:144,0
DA:146,0
DA:150,0
DA:151,0
DA:154,0
DA:156,0
DA:163,0
DA:166,0
DA:169,0
DA:171,0
DA:188,0
DA:191,0
DA:193,0
DA:210,0
DA:212,0
DA:225,0
DA:227,0
DA:240,0
DA:242,0
DA:245,0
DA:251,0
DA:253,0
DA:255,0
DA:257,0
DA:258,0
DA:260,0
DA:261,0
DA:263,0
DA:264,0
DA:266,0
DA:267,0
DA:269,0
DA:273,0
DA:274,0
DA:276,0
DA:281,0
DA:284,0
DA:289,0
DA:291,0
DA:296,0
DA:298,0
DA:303,0
DA:305,0
DA:309,0
DA:310,0
DA:316,0
DA:318,0
DA:330,0
DA:332,0
DA:336,0
DA:337,0
DA:348,0
DA:354,0
DA:363,0
DA:364,0
DA:366,0
DA:367,0
DA:368,0
DA:370,0
DA:376,0
DA:380,0
DA:386,0
DA:387,0
DA:388,0
DA:392,0
DA:393,0
DA:400,0
DA:409,0
DA:410,0
DA:413,0
DA:415,0
DA:416,0
DA:417,0
DA:419,0
DA:420,0
DA:426,0
DA:428,0
DA:429,0
DA:430,0
DA:432,0
DA:434,0
DA:441,0
LF:119
LH:0
BRDA:120,0,0,0
BRDA:125,1,0,0
BRDA:132,2,0,0
BRDA:132,2,1,0
BRDA:132,2,2,0
BRDA:132,2,3,0
BRDA:132,2,4,0
BRDA:174,3,0,0
BRDA:174,3,1,0
BRDA:175,4,0,0
BRDA:175,4,1,0
BRDA:176,5,0,0
BRDA:176,5,1,0
BRDA:196,6,0,0
BRDA:196,6,1,0
BRDA:197,7,0,0
BRDA:197,7,1,0
BRDA:198,8,0,0
BRDA:198,8,1,0
BRDA:214,9,0,0
BRDA:214,9,1,0
BRDA:229,10,0,0
BRDA:229,10,1,0
BRDA:255,11,0,0
BRDA:255,11,1,0
BRDA:255,11,2,0
BRDA:255,11,3,0
BRDA:255,11,4,0
BRDA:309,12,0,0
BRDA:367,13,0,0
BRDA:367,13,1,0
BRDA:386,14,0,0
BRDA:386,14,1,0
BRF:33
BRH:0
end_of_record
