{"total": {"lines":{"total":1802,"covered":153,"skipped":0,"pct":8.49},"statements":{"total":1874,"covered":162,"skipped":0,"pct":8.64},"functions":{"total":398,"covered":31,"skipped":0,"pct":7.78},"branches":{"total":343,"covered":36,"skipped":0,"pct":10.49},"branchesTrue":{"total":0,"covered":0,"skipped":0,"pct":100}}
,"/Users/subbujois/Documents/GitHub/Aurigraph-DLT/aurigraph-av10-7/src/ai/AIOptimizer.ts": {"lines":{"total":67,"covered":0,"skipped":0,"pct":0},"functions":{"total":16,"covered":0,"skipped":0,"pct":0},"statements":{"total":69,"covered":0,"skipped":0,"pct":0},"branches":{"total":11,"covered":0,"skipped":0,"pct":0}}
,"/Users/subbujois/Documents/GitHub/Aurigraph-DLT/aurigraph-av10-7/src/api/MonitoringAPIServer.ts": {"lines":{"total":62,"covered":0,"skipped":0,"pct":0},"functions":{"total":20,"covered":0,"skipped":0,"pct":0},"statements":{"total":62,"covered":0,"skipped":0,"pct":0},"branches":{"total":6,"covered":0,"skipped":0,"pct":0}}
,"/Users/subbujois/Documents/GitHub/Aurigraph-DLT/aurigraph-av10-7/src/api/QuantumNexusController.ts": {"lines":{"total":76,"covered":0,"skipped":0,"pct":0},"functions":{"total":11,"covered":0,"skipped":0,"pct":0},"statements":{"total":78,"covered":0,"skipped":0,"pct":0},"branches":{"total":30,"covered":0,"skipped":0,"pct":0}}
,"/Users/subbujois/Documents/GitHub/Aurigraph-DLT/aurigraph-av10-7/src/api/QuantumNexusRoutes.ts": {"lines":{"total":33,"covered":0,"skipped":0,"pct":0},"functions":{"total":12,"covered":0,"skipped":0,"pct":0},"statements":{"total":33,"covered":0,"skipped":0,"pct":0},"branches":{"total":2,"covered":0,"skipped":0,"pct":0}}
,"/Users/subbujois/Documents/GitHub/Aurigraph-DLT/aurigraph-av10-7/src/api/VizorAPIEndpoints.ts": {"lines":{"total":151,"covered":0,"skipped":0,"pct":0},"functions":{"total":23,"covered":0,"skipped":0,"pct":0},"statements":{"total":154,"covered":0,"skipped":0,"pct":0},"branches":{"total":30,"covered":0,"skipped":0,"pct":0}}
,"/Users/subbujois/Documents/GitHub/Aurigraph-DLT/aurigraph-av10-7/src/consensus/HyperRAFTPlusPlus.ts": {"lines":{"total":230,"covered":0,"skipped":0,"pct":0},"functions":{"total":59,"covered":0,"skipped":0,"pct":0},"statements":{"total":247,"covered":0,"skipped":0,"pct":0},"branches":{"total":37,"covered":0,"skipped":0,"pct":0}}
,"/Users/subbujois/Documents/GitHub/Aurigraph-DLT/aurigraph-av10-7/src/consensus/ValidatorNode.ts": {"lines":{"total":110,"covered":0,"skipped":0,"pct":0},"functions":{"total":17,"covered":0,"skipped":0,"pct":0},"statements":{"total":111,"covered":0,"skipped":0,"pct":0},"branches":{"total":26,"covered":0,"skipped":0,"pct":0}}
,"/Users/subbujois/Documents/GitHub/Aurigraph-DLT/aurigraph-av10-7/src/consensus/ValidatorOrchestrator.ts": {"lines":{"total":114,"covered":0,"skipped":0,"pct":0},"functions":{"total":19,"covered":0,"skipped":0,"pct":0},"statements":{"total":117,"covered":0,"skipped":0,"pct":0},"branches":{"total":17,"covered":0,"skipped":0,"pct":0}}
,"/Users/subbujois/Documents/GitHub/Aurigraph-DLT/aurigraph-av10-7/src/core/AV10Node.ts": {"lines":{"total":181,"covered":0,"skipped":0,"pct":0},"functions":{"total":43,"covered":0,"skipped":0,"pct":0},"statements":{"total":184,"covered":0,"skipped":0,"pct":0},"branches":{"total":8,"covered":0,"skipped":0,"pct":0}}
,"/Users/subbujois/Documents/GitHub/Aurigraph-DLT/aurigraph-av10-7/src/core/ConfigManager.ts": {"lines":{"total":45,"covered":0,"skipped":0,"pct":0},"functions":{"total":13,"covered":0,"skipped":0,"pct":0},"statements":{"total":47,"covered":0,"skipped":0,"pct":0},"branches":{"total":12,"covered":0,"skipped":0,"pct":0}}
,"/Users/subbujois/Documents/GitHub/Aurigraph-DLT/aurigraph-av10-7/src/core/Logger.ts": {"lines":{"total":29,"covered":23,"skipped":0,"pct":79.31},"functions":{"total":7,"covered":6,"skipped":0,"pct":85.71},"statements":{"total":31,"covered":25,"skipped":0,"pct":80.64},"branches":{"total":14,"covered":8,"skipped":0,"pct":57.14}}
,"/Users/subbujois/Documents/GitHub/Aurigraph-DLT/aurigraph-av10-7/src/crosschain/CrossChainBridge.ts": {"lines":{"total":238,"covered":104,"skipped":0,"pct":43.69},"functions":{"total":44,"covered":19,"skipped":0,"pct":43.18},"statements":{"total":249,"covered":107,"skipped":0,"pct":42.97},"branches":{"total":70,"covered":26,"skipped":0,"pct":37.14}}
,"/Users/subbujois/Documents/GitHub/Aurigraph-DLT/aurigraph-av10-7/src/crypto/QuantumCryptoManager.ts": {"lines":{"total":121,"covered":8,"skipped":0,"pct":6.61},"functions":{"total":28,"covered":1,"skipped":0,"pct":3.57},"statements":{"total":127,"covered":10,"skipped":0,"pct":7.87},"branches":{"total":11,"covered":0,"skipped":0,"pct":0}}
,"/Users/subbujois/Documents/GitHub/Aurigraph-DLT/aurigraph-av10-7/src/monitoring/MonitoringService.ts": {"lines":{"total":29,"covered":0,"skipped":0,"pct":0},"functions":{"total":11,"covered":0,"skipped":0,"pct":0},"statements":{"total":31,"covered":0,"skipped":0,"pct":0},"branches":{"total":4,"covered":0,"skipped":0,"pct":0}}
,"/Users/subbujois/Documents/GitHub/Aurigraph-DLT/aurigraph-av10-7/src/monitoring/VizorDashboard.ts": {"lines":{"total":70,"covered":0,"skipped":0,"pct":0},"functions":{"total":20,"covered":0,"skipped":0,"pct":0},"statements":{"total":76,"covered":0,"skipped":0,"pct":0},"branches":{"total":14,"covered":0,"skipped":0,"pct":0}}
,"/Users/subbujois/Documents/GitHub/Aurigraph-DLT/aurigraph-av10-7/src/network/ChannelManager.ts": {"lines":{"total":100,"covered":0,"skipped":0,"pct":0},"functions":{"total":14,"covered":0,"skipped":0,"pct":0},"statements":{"total":101,"covered":0,"skipped":0,"pct":0},"branches":{"total":18,"covered":0,"skipped":0,"pct":0}}
,"/Users/subbujois/Documents/GitHub/Aurigraph-DLT/aurigraph-av10-7/src/network/NetworkOrchestrator.ts": {"lines":{"total":27,"covered":0,"skipped":0,"pct":0},"functions":{"total":8,"covered":0,"skipped":0,"pct":0},"statements":{"total":29,"covered":0,"skipped":0,"pct":0},"branches":{"total":0,"covered":0,"skipped":0,"pct":100}}
,"/Users/subbujois/Documents/GitHub/Aurigraph-DLT/aurigraph-av10-7/src/zk/ZKProofSystem.ts": {"lines":{"total":119,"covered":18,"skipped":0,"pct":15.12},"functions":{"total":33,"covered":5,"skipped":0,"pct":15.15},"statements":{"total":128,"covered":20,"skipped":0,"pct":15.62},"branches":{"total":33,"covered":2,"skipped":0,"pct":6.06}}
}
