<testsuites id="" name="" tests="76" failures="0" skipped="76" errors="0" time="0.03367700000000002">
<testsuite name="contracts.spec.ts" timestamp="2025-12-11T07:16:51.627Z" hostname="chromium" tests="7" failures="0" skipped="7" time="0" errors="0">
<testcase name="Smart Contracts › should load the contracts page" classname="contracts.spec.ts" time="0">
<skipped>
</skipped>
</testcase>
<testcase name="Smart Contracts › should display page content" classname="contracts.spec.ts" time="0">
<skipped>
</skipped>
</testcase>
<testcase name="Smart Contracts › should display contracts list or table" classname="contracts.spec.ts" time="0">
<skipped>
</skipped>
</testcase>
<testcase name="Smart Contracts › should have interactive elements" classname="contracts.spec.ts" time="0">
<skipped>
</skipped>
</testcase>
<testcase name="Smart Contracts › should have search functionality" classname="contracts.spec.ts" time="0">
<skipped>
</skipped>
</testcase>
<testcase name="Contract Interactions › should have form elements" classname="contracts.spec.ts" time="0">
<skipped>
</skipped>
</testcase>
<testcase name="Contract Interactions › should display status indicators" classname="contracts.spec.ts" time="0">
<skipped>
</skipped>
</testcase>
</testsuite>
<testsuite name="dashboard.spec.ts" timestamp="2025-12-11T07:16:51.627Z" hostname="chromium" tests="8" failures="0" skipped="8" time="0" errors="0">
<testcase name="Dashboard Tests › should load the dashboard page" classname="dashboard.spec.ts" time="0">
<skipped>
</skipped>
</testcase>
<testcase name="Dashboard Tests › should display page content" classname="dashboard.spec.ts" time="0">
<skipped>
</skipped>
</testcase>
<testcase name="Dashboard Tests › should display metrics or cards" classname="dashboard.spec.ts" time="0">
<skipped>
</skipped>
</testcase>
<testcase name="Dashboard Tests › should display charts or graphs" classname="dashboard.spec.ts" time="0">
<skipped>
</skipped>
</testcase>
<testcase name="Dashboard Tests › should have refresh capability" classname="dashboard.spec.ts" time="0">
<skipped>
</skipped>
</testcase>
<testcase name="Dashboard Tests › should handle loading states" classname="dashboard.spec.ts" time="0">
<skipped>
</skipped>
</testcase>
<testcase name="Dashboard - Metrics Display › should display performance statistics" classname="dashboard.spec.ts" time="0">
<skipped>
</skipped>
</testcase>
<testcase name="Dashboard - Metrics Display › should display status indicators" classname="dashboard.spec.ts" time="0">
<skipped>
</skipped>
</testcase>
</testsuite>
<testsuite name="navigation.spec.ts" timestamp="2025-12-11T07:16:51.627Z" hostname="chromium" tests="13" failures="0" skipped="13" time="0" errors="0">
<testcase name="Navigation Tests › should load the homepage successfully" classname="navigation.spec.ts" time="0">
<skipped>
</skipped>
</testcase>
<testcase name="Navigation Tests › should display main navigation menu" classname="navigation.spec.ts" time="0">
<skipped>
</skipped>
</testcase>
<testcase name="Navigation Tests › should navigate to dashboard page" classname="navigation.spec.ts" time="0">
<skipped>
</skipped>
</testcase>
<testcase name="Navigation Tests › should navigate to transactions page" classname="navigation.spec.ts" time="0">
<skipped>
</skipped>
</testcase>
<testcase name="Navigation Tests › should navigate to contracts page" classname="navigation.spec.ts" time="0">
<skipped>
</skipped>
</testcase>
<testcase name="Navigation Tests › should display and interact with dropdown navigation menus" classname="navigation.spec.ts" time="0">
<skipped>
</skipped>
</testcase>
<testcase name="Navigation Tests › should display breadcrumb navigation" classname="navigation.spec.ts" time="0">
<skipped>
</skipped>
</testcase>
<testcase name="Navigation Tests › should handle navigation search functionality if available" classname="navigation.spec.ts" time="0">
<skipped>
</skipped>
</testcase>
<testcase name="Navigation Tests › should display user profile section in navigation" classname="navigation.spec.ts" time="0">
<skipped>
</skipped>
</testcase>
<testcase name="Navigation Tests › should be accessible via keyboard navigation" classname="navigation.spec.ts" time="0">
<skipped>
</skipped>
</testcase>
<testcase name="Navigation Tests › should handle browser back and forward navigation" classname="navigation.spec.ts" time="0">
<skipped>
</skipped>
</testcase>
<testcase name="Navigation - Responsive Design › should display mobile-friendly navigation on small screens" classname="navigation.spec.ts" time="0">
<skipped>
</skipped>
</testcase>
<testcase name="Navigation - Responsive Design › should display full navigation on desktop screens" classname="navigation.spec.ts" time="0">
<skipped>
</skipped>
</testcase>
</testsuite>
<testsuite name="transactions.spec.ts" timestamp="2025-12-11T07:16:51.627Z" hostname="chromium" tests="10" failures="0" skipped="10" time="0" errors="0">
<testcase name="Transactions Explorer › should load the transactions page" classname="transactions.spec.ts" time="0">
<skipped>
</skipped>
</testcase>
<testcase name="Transactions Explorer › should display page content" classname="transactions.spec.ts" time="0">
<skipped>
</skipped>
</testcase>
<testcase name="Transactions Explorer › should display transaction list or table" classname="transactions.spec.ts" time="0">
<skipped>
</skipped>
</testcase>
<testcase name="Transactions Explorer › should have search functionality" classname="transactions.spec.ts" time="0">
<skipped>
</skipped>
</testcase>
<testcase name="Transactions Explorer › should have filter options" classname="transactions.spec.ts" time="0">
<skipped>
</skipped>
</testcase>
<testcase name="Transactions Explorer › should have pagination" classname="transactions.spec.ts" time="0">
<skipped>
</skipped>
</testcase>
<testcase name="Transactions Explorer › should display transaction hashes" classname="transactions.spec.ts" time="0">
<skipped>
</skipped>
</testcase>
<testcase name="Transactions Explorer › should display status indicators" classname="transactions.spec.ts" time="0">
<skipped>
</skipped>
</testcase>
<testcase name="Transaction Details › should navigate to transaction detail" classname="transactions.spec.ts" time="0">
<skipped>
</skipped>
</testcase>
<testcase name="Transaction Details › should display metadata fields" classname="transactions.spec.ts" time="0">
<skipped>
</skipped>
</testcase>
</testsuite>
<testsuite name="contracts.spec.ts" timestamp="2025-12-11T07:16:51.627Z" hostname="Mobile Chrome" tests="7" failures="0" skipped="7" time="0" errors="0">
<testcase name="Smart Contracts › should load the contracts page" classname="contracts.spec.ts" time="0">
<skipped>
</skipped>
</testcase>
<testcase name="Smart Contracts › should display page content" classname="contracts.spec.ts" time="0">
<skipped>
</skipped>
</testcase>
<testcase name="Smart Contracts › should display contracts list or table" classname="contracts.spec.ts" time="0">
<skipped>
</skipped>
</testcase>
<testcase name="Smart Contracts › should have interactive elements" classname="contracts.spec.ts" time="0">
<skipped>
</skipped>
</testcase>
<testcase name="Smart Contracts › should have search functionality" classname="contracts.spec.ts" time="0">
<skipped>
</skipped>
</testcase>
<testcase name="Contract Interactions › should have form elements" classname="contracts.spec.ts" time="0">
<skipped>
</skipped>
</testcase>
<testcase name="Contract Interactions › should display status indicators" classname="contracts.spec.ts" time="0">
<skipped>
</skipped>
</testcase>
</testsuite>
<testsuite name="dashboard.spec.ts" timestamp="2025-12-11T07:16:51.627Z" hostname="Mobile Chrome" tests="8" failures="0" skipped="8" time="0" errors="0">
<testcase name="Dashboard Tests › should load the dashboard page" classname="dashboard.spec.ts" time="0">
<skipped>
</skipped>
</testcase>
<testcase name="Dashboard Tests › should display page content" classname="dashboard.spec.ts" time="0">
<skipped>
</skipped>
</testcase>
<testcase name="Dashboard Tests › should display metrics or cards" classname="dashboard.spec.ts" time="0">
<skipped>
</skipped>
</testcase>
<testcase name="Dashboard Tests › should display charts or graphs" classname="dashboard.spec.ts" time="0">
<skipped>
</skipped>
</testcase>
<testcase name="Dashboard Tests › should have refresh capability" classname="dashboard.spec.ts" time="0">
<skipped>
</skipped>
</testcase>
<testcase name="Dashboard Tests › should handle loading states" classname="dashboard.spec.ts" time="0">
<skipped>
</skipped>
</testcase>
<testcase name="Dashboard - Metrics Display › should display performance statistics" classname="dashboard.spec.ts" time="0">
<skipped>
</skipped>
</testcase>
<testcase name="Dashboard - Metrics Display › should display status indicators" classname="dashboard.spec.ts" time="0">
<skipped>
</skipped>
</testcase>
</testsuite>
<testsuite name="navigation.spec.ts" timestamp="2025-12-11T07:16:51.627Z" hostname="Mobile Chrome" tests="13" failures="0" skipped="13" time="0" errors="0">
<testcase name="Navigation Tests › should load the homepage successfully" classname="navigation.spec.ts" time="0">
<skipped>
</skipped>
</testcase>
<testcase name="Navigation Tests › should display main navigation menu" classname="navigation.spec.ts" time="0">
<skipped>
</skipped>
</testcase>
<testcase name="Navigation Tests › should navigate to dashboard page" classname="navigation.spec.ts" time="0">
<skipped>
</skipped>
</testcase>
<testcase name="Navigation Tests › should navigate to transactions page" classname="navigation.spec.ts" time="0">
<skipped>
</skipped>
</testcase>
<testcase name="Navigation Tests › should navigate to contracts page" classname="navigation.spec.ts" time="0">
<skipped>
</skipped>
</testcase>
<testcase name="Navigation Tests › should display and interact with dropdown navigation menus" classname="navigation.spec.ts" time="0">
<skipped>
</skipped>
</testcase>
<testcase name="Navigation Tests › should display breadcrumb navigation" classname="navigation.spec.ts" time="0">
<skipped>
</skipped>
</testcase>
<testcase name="Navigation Tests › should handle navigation search functionality if available" classname="navigation.spec.ts" time="0">
<skipped>
</skipped>
</testcase>
<testcase name="Navigation Tests › should display user profile section in navigation" classname="navigation.spec.ts" time="0">
<skipped>
</skipped>
</testcase>
<testcase name="Navigation Tests › should be accessible via keyboard navigation" classname="navigation.spec.ts" time="0">
<skipped>
</skipped>
</testcase>
<testcase name="Navigation Tests › should handle browser back and forward navigation" classname="navigation.spec.ts" time="0">
<skipped>
</skipped>
</testcase>
<testcase name="Navigation - Responsive Design › should display mobile-friendly navigation on small screens" classname="navigation.spec.ts" time="0">
<skipped>
</skipped>
</testcase>
<testcase name="Navigation - Responsive Design › should display full navigation on desktop screens" classname="navigation.spec.ts" time="0">
<skipped>
</skipped>
</testcase>
</testsuite>
<testsuite name="transactions.spec.ts" timestamp="2025-12-11T07:16:51.627Z" hostname="Mobile Chrome" tests="10" failures="0" skipped="10" time="0" errors="0">
<testcase name="Transactions Explorer › should load the transactions page" classname="transactions.spec.ts" time="0">
<skipped>
</skipped>
</testcase>
<testcase name="Transactions Explorer › should display page content" classname="transactions.spec.ts" time="0">
<skipped>
</skipped>
</testcase>
<testcase name="Transactions Explorer › should display transaction list or table" classname="transactions.spec.ts" time="0">
<skipped>
</skipped>
</testcase>
<testcase name="Transactions Explorer › should have search functionality" classname="transactions.spec.ts" time="0">
<skipped>
</skipped>
</testcase>
<testcase name="Transactions Explorer › should have filter options" classname="transactions.spec.ts" time="0">
<skipped>
</skipped>
</testcase>
<testcase name="Transactions Explorer › should have pagination" classname="transactions.spec.ts" time="0">
<skipped>
</skipped>
</testcase>
<testcase name="Transactions Explorer › should display transaction hashes" classname="transactions.spec.ts" time="0">
<skipped>
</skipped>
</testcase>
<testcase name="Transactions Explorer › should display status indicators" classname="transactions.spec.ts" time="0">
<skipped>
</skipped>
</testcase>
<testcase name="Transaction Details › should navigate to transaction detail" classname="transactions.spec.ts" time="0">
<skipped>
</skipped>
</testcase>
<testcase name="Transaction Details › should display metadata fields" classname="transactions.spec.ts" time="0">
<skipped>
</skipped>
</testcase>
</testsuite>
</testsuites>